<?xml version="1.0" encoding="UTF-8"?>
<!-- Generated by org.testng.reporters.JUnitReportReporter -->
<testsuite skipped="0" hostname="MYPC" name="com.jbk.demo1.demo" tests="1" failures="0" timestamp="23 Mar 2022 17:58:55 GMT" time="10.097" errors="0">
  <testcase name="Test01" time="10.097" classname="com.jbk.demo1.demo"/>
</testsuite> <!-- com.jbk.demo1.demo -->
